\BOOKMARK [0][-]{chapter.1}{Introduction}{}% 1
\BOOKMARK [1][-]{section.1.1}{Background}{chapter.1}% 2
\BOOKMARK [1][-]{section.1.2}{Objective}{chapter.1}% 3
\BOOKMARK [1][-]{section.1.3}{Structure of the report}{chapter.1}% 4
\BOOKMARK [0][-]{chapter.2}{Methodology}{}% 5
\BOOKMARK [1][-]{section.2.1}{Cost calculating}{chapter.2}% 6
\BOOKMARK [1][-]{section.2.2}{Resistance}{chapter.2}% 7
\BOOKMARK [2][-]{subsection.2.2.1}{Conventions}{section.2.2}% 8
\BOOKMARK [2][-]{subsection.2.2.2}{ITTC-Wind}{section.2.2}% 9
\BOOKMARK [2][-]{subsection.2.2.3}{Hollenbach}{section.2.2}% 10
\BOOKMARK [2][-]{subsection.2.2.4}{STAwave-1}{section.2.2}% 11
\BOOKMARK [1][-]{section.2.3}{Path planning}{chapter.2}% 12
\BOOKMARK [2][-]{subsection.2.3.1}{Dijkstra}{section.2.3}% 13
\BOOKMARK [0][-]{chapter.3}{Programming process}{}% 14
\BOOKMARK [1][-]{section.3.1}{Python}{chapter.3}% 15
\BOOKMARK [2][-]{subsection.3.1.1}{Packages}{section.3.1}% 16
\BOOKMARK [1][-]{section.3.2}{Assumptions}{chapter.3}% 17
\BOOKMARK [1][-]{section.3.3}{Programming process}{chapter.3}% 18
\BOOKMARK [2][-]{subsection.3.3.1}{Data processing}{section.3.3}% 19
\BOOKMARK [2][-]{subsection.3.3.2}{Cost calculation}{section.3.3}% 20
\BOOKMARK [2][-]{subsection.3.3.3}{Path finding}{section.3.3}% 21
\BOOKMARK [2][-]{subsection.3.3.4}{Velocity picking}{section.3.3}% 22
\BOOKMARK [0][-]{chapter.4}{Modelling}{}% 23
\BOOKMARK [1][-]{section.4.1}{Parameters for testing}{chapter.4}% 24
\BOOKMARK [1][-]{section.4.2}{Tests and results}{chapter.4}% 25
\BOOKMARK [0][-]{chapter.5}{Conclusion}{}% 26
\BOOKMARK [1][-]{section.5.1}{Conclusion}{chapter.5}% 27
\BOOKMARK [1][-]{section.5.2}{Reflection and future work}{chapter.5}% 28
\BOOKMARK [0][-]{appendix.A}{Codes}{}% 29
\BOOKMARK [1][-]{section.A.1}{Functions}{appendix.A}% 30
\BOOKMARK [1][-]{section.A.2}{Testing codes}{appendix.A}% 31
